<?xml version="1.0" encoding="UTF-8"?>
<!-- Generated by org.testng.reporters.JUnitXMLReporter -->
<testsuite ignored="0" hostname="A2Z-A342-Nabil" failures="1" tests="3" name="Test" time="26.32" errors="0" timestamp="2024-07-13T22:06:04 IST">
  <testcase classname="api.TC01_Lead" name="testCreateNewLeadResourceByPassingBlankResponse" time="3.012"/>
  <testcase classname="api.TC01_Lead" name="testCreateNewLeadResourceByPassingIncompleteObjects" time="16.889">
    <failure type="java.lang.AssertionError" message="expected [400] but found [200]">
      <![CDATA[java.lang.AssertionError: expected [400] but found [200]
at api.TC01_Lead.testCreateNewLeadResourceByPassingIncompleteObjects(TC01_Lead.java:122)
at java.base/java.util.ArrayList.forEach(ArrayList.java:1596)
... Removed 36 stack frames]]>
    </failure>
  </testcase> <!-- testCreateNewLeadResourceByPassingIncompleteObjects -->
  <testcase classname="api.TC01_Lead" name="testCreateNewLeadResourceByPassingMandatoryAndOptionalObjects" time="5.984"/>
</testsuite> <!-- Test -->
