<?xml version="1.0" encoding="UTF-8"?>
<testsuite xmlns:xsi="http://www.w3.org/2001/XMLSchema-instance" xsi:noNamespaceSchemaLocation="https://maven.apache.org/surefire/maven-surefire-plugin/xsd/surefire-test-report.xsd" name="TestSuite" time="26.925" tests="3" errors="0" skipped="0" failures="1">
  <properties>
[...]
</properties>
  <testcase name="testCreateNewLeadResourceByPassingBlankResponse" classname="api.TC01_Lead" time="3.061"/>
  <testcase name="testCreateNewLeadResourceByPassingIncompleteObjects" classname="api.TC01_Lead" time="16.907">
    <failure message="expected [400] but found [200]" type="java.lang.AssertionError">java.lang.AssertionError: expected [400] but found [200]
	at api.TC01_Lead.testCreateNewLeadResourceByPassingIncompleteObjects(TC01_Lead.java:122)
</failure>
    <system-out><![CDATA[Resp is: {
    "mw_error": "internal_server_error",
    "errors": [
        {
            "error": "internal_server_error",
            "code": "500",
            "description": "internal_server_error"
        }
    ]
}
]]></system-out>
  </testcase>
  <testcase name="testCreateNewLeadResourceByPassingMandatoryAndOptionalObjects" classname="api.TC01_Lead" time="5.988"/>
</testsuite>